<?xml version="1.0" encoding="UTF-8"?>
<!-- Generated by org.testng.reporters.JUnitReportReporter -->
<testsuite skipped="0" hostname="DESKTOP-FFG0BLJ" name="test.LoginTest" tests="1" failures="0" timestamp="2022-01-01T23:17:42 CST" time="6.848" errors="0">
  <testcase name="ValidUserShouldLogin" time="6.848" classname="test.LoginTest"/>
  <system-out/>
</testsuite> <!-- test.LoginTest -->
