<?xml version="1.0" encoding="UTF-8"?>
<!-- Generated by org.testng.reporters.JUnitReportReporter -->
<testsuite skipped="0" hostname="DESKTOP-FFG0BLJ" name="test.CustomerPageTest" tests="1" failures="0" timestamp="2022-01-02T19:02:50 CST" time="10.897" errors="0">
  <testcase name="ValidUserShouldbeAbleToAddCustomers" time="10.897" classname="test.CustomerPageTest"/>
  <system-out/>
</testsuite> <!-- test.CustomerPageTest -->
